<?xml version="1.0" encoding="UTF-8"?>
<!-- Generated by org.testng.reporters.JUnitXMLReporter -->
<testsuite ignored="0" hostname="enextus" failures="0" tests="0" name="test" time="0.099" errors="0" timestamp="2021-07-26T09:59:10 CEST">
  <testcase classname="io.cucumber.testng.AbstractTestNGCucumberTests" name="@BeforeClass setUpClass" time="0.07">
    <failure type="java.lang.NoSuchMethodError" message="&amp;apos;io.cucumber.core.options.RuntimeOptionsBuilder io.cucumber.core.options.RuntimeOptionsBuilder.enablePublishPlugin()&amp;apos;">
      <![CDATA[java.lang.NoSuchMethodError: 'io.cucumber.core.options.RuntimeOptionsBuilder io.cucumber.core.options.RuntimeOptionsBuilder.enablePublishPlugin()'
at io.cucumber.testng.TestNGCucumberRunner.<init>(TestNGCucumberRunner.java:82)
at io.cucumber.testng.AbstractTestNGCucumberTests.setUpClass(AbstractTestNGCucumberTests.java:23)
at java.base/java.util.ArrayList.forEach(ArrayList.java:1541)
at java.base/java.util.concurrent.FutureTask.run(FutureTask.java:264)
at java.base/java.util.concurrent.ThreadPoolExecutor.runWorker(ThreadPoolExecutor.java:1128)
at java.base/java.util.concurrent.ThreadPoolExecutor$Worker.run(ThreadPoolExecutor.java:628)
at java.base/java.lang.Thread.run(Thread.java:829)
... Removed 16 stack frames]]>
    </failure>
  </testcase> <!-- @BeforeClass setUpClass -->
</testsuite> <!-- test -->
